<?xml version="1.0" encoding="UTF-8"?>
<!-- Generated by org.testng.reporters.JUnitXMLReporter -->
<testsuite ignored="0" hostname="TYSS-Amaya" failures="1" tests="1" name="Default test" time="10.198" errors="0" timestamp="2022-07-11T23:17:49 IST">
  <testcase classname="Sample.SearchProduct" name="searchProduct" time="0.095">
    <failure type="java.lang.StackOverflowError">
      <![CDATA[java.lang.StackOverflowError
at java.base/java.util.stream.StreamSupport.stream(StreamSupport.java:70)
at java.base/java.util.Arrays.stream(Arrays.java:5447)
at java.base/java.util.Arrays.stream(Arrays.java:5428)
at java.base/java.lang.Class.methodToString(Class.java:3695)
at java.base/java.lang.Class.getConstructor0(Class.java:3617)
at java.base/java.lang.Class.getConstructor(Class.java:2303)
at org.openqa.selenium.support.PageFactory.instantiatePage(PageFactory.java:128)
at org.openqa.selenium.support.PageFactory.initElements(PageFactory.java:64)
at com.objectRepo.SearchProductPage.<init>(SearchProductPage.java:21)
at java.base/jdk.internal.reflect.DirectConstructorHandleAccessor.newInstance(DirectConstructorHandleAccessor.java:67)
at java.base/java.lang.reflect.Constructor.newInstanceWithCaller(Constructor.java:499)
at java.base/java.lang.reflect.ReflectAccess.newInstance(ReflectAccess.java:128)
at java.base/jdk.internal.reflect.ReflectionFactory.newInstance(ReflectionFactory.java:341)
at java.base/java.lang.Class.newInstance(Class.java:677)
at org.openqa.selenium.support.PageFactory.instantiatePage(PageFactory.java:131)
at org.openqa.selenium.support.PageFactory.initElements(PageFactory.java:64)
at com.objectRepo.SearchProductPage.<init>(SearchProductPage.java:21)
at java.base/jdk.internal.reflect.DirectConstructorHandleAccessor.newInstance(DirectConstructorHandleAccessor.java:67)
at java.base/java.lang.reflect.Constructor.newInstanceWithCaller(Constructor.java:499)
at java.base/java.lang.reflect.ReflectAccess.newInstance(ReflectAccess.java:128)
at java.base/jdk.internal.reflect.ReflectionFactory.newInstance(ReflectionFactory.java:341)
at java.base/java.lang.Class.newInstance(Class.java:677)
at org.openqa.selenium.support.PageFactory.instantiatePage(PageFactory.java:131)
at org.openqa.selenium.support.PageFactory.initElements(PageFactory.java:64)
at com.objectRepo.SearchProductPage.<init>(SearchProductPage.java:21)
at java.base/jdk.internal.reflect.DirectConstructorHandleAccessor.newInstance(DirectConstructorHandleAccessor.java:67)
at java.base/java.lang.reflect.Constructor.newInstanceWithCaller(Constructor.java:499)
at java.base/java.lang.reflect.ReflectAccess.newInstance(ReflectAccess.java:128)
at java.base/jdk.internal.reflect.ReflectionFactory.newInstance(ReflectionFactory.java:341)
at java.base/java.lang.Class.newInstance(Class.java:677)
at org.openqa.selenium.support.PageFactory.instantiatePage(PageFactory.java:131)
at org.openqa.selenium.support.PageFactory.initElements(PageFactory.java:64)
at com.objectRepo.SearchProductPage.<init>(SearchProductPage.java:21)
at java.base/jdk.internal.reflect.DirectConstructorHandleAccessor.newInstance(DirectConstructorHandleAccessor.java:67)
at java.base/java.lang.reflect.Constructor.newInstanceWithCaller(Constructor.java:499)
at java.base/java.lang.reflect.ReflectAccess.newInstance(ReflectAccess.java:128)
at java.base/jdk.internal.reflect.ReflectionFactory.newInstance(ReflectionFactory.java:341)
at java.base/java.lang.Class.newInstance(Class.java:677)
at org.openqa.selenium.support.PageFactory.instantiatePage(PageFactory.java:131)
at org.openqa.selenium.support.PageFactory.initElements(PageFactory.java:64)
at com.objectRepo.SearchProductPage.<init>(SearchProductPage.java:21)
at java.base/jdk.internal.reflect.DirectConstructorHandleAccessor.newInstance(DirectConstructorHandleAccessor.java:67)
at java.base/java.lang.reflect.Constructor.newInstanceWithCaller(Constructor.java:499)
at java.base/java.lang.reflect.ReflectAccess.newInstance(ReflectAccess.java:128)
at java.base/jdk.internal.reflect.ReflectionFactory.newInstance(ReflectionFactory.java:341)
at java.base/java.lang.Class.newInstance(Class.java:677)
at org.openqa.selenium.support.PageFactory.instantiatePage(PageFactory.java:131)
at org.openqa.selenium.support.PageFactory.initElements(PageFactory.java:64)
at com.objectRepo.SearchProductPage.<init>(SearchProductPage.java:21)
at java.base/jdk.internal.reflect.DirectConstructorHandleAccessor.newInstance(DirectConstructorHandleAccessor.java:67)
at java.base/java.lang.reflect.Constructor.newInstanceWithCaller(Constructor.java:499)
at java.base/java.lang.reflect.ReflectAccess.newInstance(ReflectAccess.java:128)
at java.base/jdk.internal.reflect.ReflectionFactory.newInstance(ReflectionFactory.java:341)
at java.base/java.lang.Class.newInstance(Class.java:677)
at org.openqa.selenium.support.PageFactory.instantiatePage(PageFactory.java:131)
at org.openqa.selenium.support.PageFactory.initElements(PageFactory.java:64)
at com.objectRepo.SearchProductPage.<init>(SearchProductPage.java:21)
at java.base/jdk.internal.reflect.DirectConstructorHandleAccessor.newInstance(DirectConstructorHandleAccessor.java:67)
at java.base/java.lang.reflect.Constructor.newInstanceWithCaller(Constructor.java:499)
at java.base/java.lang.reflect.ReflectAccess.newInstance(ReflectAccess.java:128)
at java.base/jdk.internal.reflect.ReflectionFactory.newInstance(ReflectionFactory.java:341)
at java.base/java.lang.Class.newInstance(Class.java:677)
at org.openqa.selenium.support.PageFactory.instantiatePage(PageFactory.java:131)
at org.openqa.selenium.support.PageFactory.initElements(PageFactory.java:64)
at com.objectRepo.SearchProductPage.<init>(SearchProductPage.java:21)
at java.base/jdk.internal.reflect.DirectConstructorHandleAccessor.newInstance(DirectConstructorHandleAccessor.java:67)
at java.base/java.lang.reflect.Constructor.newInstanceWithCaller(Constructor.java:499)
at java.base/java.lang.reflect.ReflectAccess.newInstance(ReflectAccess.java:128)
at java.base/jdk.internal.reflect.ReflectionFactory.newInstance(ReflectionFactory.java:341)
at java.base/java.lang.Class.newInstance(Class.java:677)
at org.openqa.selenium.support.PageFactory.instantiatePage(PageFactory.java:131)
at org.openqa.selenium.support.PageFactory.initElements(PageFactory.java:64)
at com.objectRepo.SearchProductPage.<init>(SearchProductPage.java:21)
at java.base/jdk.internal.reflect.DirectConstructorHandleAccessor.newInstance(DirectConstructorHandleAccessor.java:67)
at java.base/java.lang.reflect.Constructor.newInstanceWithCaller(Constructor.java:499)
at java.base/java.lang.reflect.ReflectAccess.newInstance(ReflectAccess.java:128)
at java.base/jdk.internal.reflect.ReflectionFactory.newInstance(ReflectionFactory.java:341)
at java.base/java.lang.Class.newInstance(Class.java:677)
at org.openqa.selenium.support.PageFactory.instantiatePage(PageFactory.java:131)
at org.openqa.selenium.support.PageFactory.initElements(PageFactory.java:64)
at com.objectRepo.SearchProductPage.<init>(SearchProductPage.java:21)
at java.base/jdk.internal.reflect.DirectConstructorHandleAccessor.newInstance(DirectConstructorHandleAccessor.java:67)
at java.base/java.lang.reflect.Constructor.newInstanceWithCaller(Constructor.java:499)
at java.base/java.lang.reflect.ReflectAccess.newInstance(ReflectAccess.java:128)
at java.base/jdk.internal.reflect.ReflectionFactory.newInstance(ReflectionFactory.java:341)
at java.base/java.lang.Class.newInstance(Class.java:677)
at org.openqa.selenium.support.PageFactory.instantiatePage(PageFactory.java:131)
at org.openqa.selenium.support.PageFactory.initElements(PageFactory.java:64)
at com.objectRepo.SearchProductPage.<init>(SearchProductPage.java:21)
at java.base/jdk.internal.reflect.DirectConstructorHandleAccessor.newInstance(DirectConstructorHandleAccessor.java:67)
at java.base/java.lang.reflect.Constructor.newInstanceWithCaller(Constructor.java:499)
at java.base/java.lang.reflect.ReflectAccess.newInstance(ReflectAccess.java:128)
at java.base/jdk.internal.reflect.ReflectionFactory.newInstance(ReflectionFactory.java:341)
at java.base/java.lang.Class.newInstance(Class.java:677)
at org.openqa.selenium.support.PageFactory.instantiatePage(PageFactory.java:131)
at org.openqa.selenium.support.PageFactory.initElements(PageFactory.java:64)
at com.objectRepo.SearchProductPage.<init>(SearchProductPage.java:21)
at java.base/jdk.internal.reflect.DirectConstructorHandleAccessor.newInstance(DirectConstructorHandleAccessor.java:67)
at java.base/java.lang.reflect.Constructor.newInstanceWithCaller(Constructor.java:499)
at java.base/java.lang.reflect.ReflectAccess.newInstance(ReflectAccess.java:128)
at java.base/jdk.internal.reflect.ReflectionFactory.newInstance(ReflectionFactory.java:341)
at java.base/java.lang.Class.newInstance(Class.java:677)
at org.openqa.selenium.support.PageFactory.instantiatePage(PageFactory.java:131)
at org.openqa.selenium.support.PageFactory.initElements(PageFactory.java:64)
at com.objectRepo.SearchProductPage.<init>(SearchProductPage.java:21)
at java.base/jdk.internal.reflect.DirectConstructorHandleAccessor.newInstance(DirectConstructorHandleAccessor.java:67)
at java.base/java.lang.reflect.Constructor.newInstanceWithCaller(Constructor.java:499)
at java.base/java.lang.reflect.ReflectAccess.newInstance(ReflectAccess.java:128)
at java.base/jdk.internal.reflect.ReflectionFactory.newInstance(ReflectionFactory.java:341)
at java.base/java.lang.Class.newInstance(Class.java:677)
at org.openqa.selenium.support.PageFactory.instantiatePage(PageFactory.java:131)
at org.openqa.selenium.support.PageFactory.initElements(PageFactory.java:64)
at com.objectRepo.SearchProductPage.<init>(SearchProductPage.java:21)
at java.base/jdk.internal.reflect.DirectConstructorHandleAccessor.newInstance(DirectConstructorHandleAccessor.java:67)
at java.base/java.lang.reflect.Constructor.newInstanceWithCaller(Constructor.java:499)
at java.base/java.lang.reflect.ReflectAccess.newInstance(ReflectAccess.java:128)
at java.base/jdk.internal.reflect.ReflectionFactory.newInstance(ReflectionFactory.java:341)
at java.base/java.lang.Class.newInstance(Class.java:677)
at org.openqa.selenium.support.PageFactory.instantiatePage(PageFactory.java:131)
at org.openqa.selenium.support.PageFactory.initElements(PageFactory.java:64)
at com.objectRepo.SearchProductPage.<init>(SearchProductPage.java:21)
at java.base/jdk.internal.reflect.DirectConstructorHandleAccessor.newInstance(DirectConstructorHandleAccessor.java:67)
at java.base/java.lang.reflect.Constructor.newInstanceWithCaller(Constructor.java:499)
at java.base/java.lang.reflect.ReflectAccess.newInstance(ReflectAccess.java:128)
at java.base/jdk.internal.reflect.ReflectionFactory.newInstance(ReflectionFactory.java:341)
at java.base/java.lang.Class.newInstance(Class.java:677)
at org.openqa.selenium.support.PageFactory.instantiatePage(PageFactory.java:131)
at org.openqa.selenium.support.PageFactory.initElements(PageFactory.java:64)
at com.objectRepo.SearchProductPage.<init>(SearchProductPage.java:21)
at java.base/jdk.internal.reflect.DirectConstructorHandleAccessor.newInstance(DirectConstructorHandleAccessor.java:67)
at java.base/java.lang.reflect.Constructor.newInstanceWithCaller(Constructor.java:499)
at java.base/java.lang.reflect.ReflectAccess.newInstance(ReflectAccess.java:128)
at java.base/jdk.internal.reflect.ReflectionFactory.newInstance(ReflectionFactory.java:341)
at java.base/java.lang.Class.newInstance(Class.java:677)
at org.openqa.selenium.support.PageFactory.instantiatePage(PageFactory.java:131)
at org.openqa.selenium.support.PageFactory.initElements(PageFactory.java:64)
at com.objectRepo.SearchProductPage.<init>(SearchProductPage.java:21)
at java.base/jdk.internal.reflect.DirectConstructorHandleAccessor.newInstance(DirectConstructorHandleAccessor.java:67)
at java.base/java.lang.reflect.Constructor.newInstanceWithCaller(Constructor.java:499)
at java.base/java.lang.reflect.ReflectAccess.newInstance(ReflectAccess.java:128)
at java.base/jdk.internal.reflect.ReflectionFactory.newInstance(ReflectionFactory.java:341)
at java.base/java.lang.Class.newInstance(Class.java:677)
at org.openqa.selenium.support.PageFactory.instantiatePage(PageFactory.java:131)
at org.openqa.selenium.support.PageFactory.initElements(PageFactory.java:64)
at com.objectRepo.SearchProductPage.<init>(SearchProductPage.java:21)
at java.base/jdk.internal.reflect.DirectConstructorHandleAccessor.newInstance(DirectConstructorHandleAccessor.java:67)
at java.base/java.lang.reflect.Constructor.newInstanceWithCaller(Constructor.java:499)
at java.base/java.lang.reflect.ReflectAccess.newInstance(ReflectAccess.java:128)
at java.base/jdk.internal.reflect.ReflectionFactory.newInstance(ReflectionFactory.java:341)
at java.base/java.lang.Class.newInstance(Class.java:677)
at org.openqa.selenium.support.PageFactory.instantiatePage(PageFactory.java:131)
at org.openqa.selenium.support.PageFactory.initElements(PageFactory.java:64)
at com.objectRepo.SearchProductPage.<init>(SearchProductPage.java:21)
at java.base/jdk.internal.reflect.DirectConstructorHandleAccessor.newInstance(DirectConstructorHandleAccessor.java:67)
at java.base/java.lang.reflect.Constructor.newInstanceWithCaller(Constructor.java:499)
at java.base/java.lang.reflect.ReflectAccess.newInstance(ReflectAccess.java:128)
at java.base/jdk.internal.reflect.ReflectionFactory.newInstance(ReflectionFactory.java:341)
at java.base/java.lang.Class.newInstance(Class.java:677)
at org.openqa.selenium.support.PageFactory.instantiatePage(PageFactory.java:131)
at org.openqa.selenium.support.PageFactory.initElements(PageFactory.java:64)
at com.objectRepo.SearchProductPage.<init>(SearchProductPage.java:21)
at java.base/jdk.internal.reflect.DirectConstructorHandleAccessor.newInstance(DirectConstructorHandleAccessor.java:67)
at java.base/java.lang.reflect.Constructor.newInstanceWithCaller(Constructor.java:499)
at java.base/java.lang.reflect.ReflectAccess.newInstance(ReflectAccess.java:128)
at java.base/jdk.internal.reflect.ReflectionFactory.newInstance(ReflectionFactory.java:341)
at java.base/java.lang.Class.newInstance(Class.java:677)
at org.openqa.selenium.support.PageFactory.instantiatePage(PageFactory.java:131)
at org.openqa.selenium.support.PageFactory.initElements(PageFactory.java:64)
at com.objectRepo.SearchProductPage.<init>(SearchProductPage.java:21)
at java.base/jdk.internal.reflect.DirectConstructorHandleAccessor.newInstance(DirectConstructorHandleAccessor.java:67)
at java.base/java.lang.reflect.Constructor.newInstanceWithCaller(Constructor.java:499)
at java.base/java.lang.reflect.ReflectAccess.newInstance(ReflectAccess.java:128)
at java.base/jdk.internal.reflect.ReflectionFactory.newInstance(ReflectionFactory.java:341)
at java.base/java.lang.Class.newInstance(Class.java:677)
at org.openqa.selenium.support.PageFactory.instantiatePage(PageFactory.java:131)
at org.openqa.selenium.support.PageFactory.initElements(PageFactory.java:64)
at com.objectRepo.SearchProductPage.<init>(SearchProductPage.java:21)
at java.base/jdk.internal.reflect.DirectConstructorHandleAccessor.newInstance(DirectConstructorHandleAccessor.java:67)
at java.base/java.lang.reflect.Constructor.newInstanceWithCaller(Constructor.java:499)
at java.base/java.lang.reflect.ReflectAccess.newInstance(ReflectAccess.java:128)
at java.base/jdk.internal.reflect.ReflectionFactory.newInstance(ReflectionFactory.java:341)
at java.base/java.lang.Class.newInstance(Class.java:677)
at org.openqa.selenium.support.PageFactory.instantiatePage(PageFactory.java:131)
at org.openqa.selenium.support.PageFactory.initElements(PageFactory.java:64)
at com.objectRepo.SearchProductPage.<init>(SearchProductPage.java:21)
at java.base/jdk.internal.reflect.DirectConstructorHandleAccessor.newInstance(DirectConstructorHandleAccessor.java:67)
at java.base/java.lang.reflect.Constructor.newInstanceWithCaller(Constructor.java:499)
at java.base/java.lang.reflect.ReflectAccess.newInstance(ReflectAccess.java:128)
at java.base/jdk.internal.reflect.ReflectionFactory.newInstance(ReflectionFactory.java:341)
at java.base/java.lang.Class.newInstance(Class.java:677)
at org.openqa.selenium.support.PageFactory.instantiatePage(PageFactory.java:131)
at org.openqa.selenium.support.PageFactory.initElements(PageFactory.java:64)
at com.objectRepo.SearchProductPage.<init>(SearchProductPage.java:21)
at java.base/jdk.internal.reflect.DirectConstructorHandleAccessor.newInstance(DirectConstructorHandleAccessor.java:67)
at java.base/java.lang.reflect.Constructor.newInstanceWithCaller(Constructor.java:499)
at java.base/java.lang.reflect.ReflectAccess.newInstance(ReflectAccess.java:128)
at java.base/jdk.internal.reflect.ReflectionFactory.newInstance(ReflectionFactory.java:341)
at java.base/java.lang.Class.newInstance(Class.java:677)
at org.openqa.selenium.support.PageFactory.instantiatePage(PageFactory.java:131)
at org.openqa.selenium.support.PageFactory.initElements(PageFactory.java:64)
at com.objectRepo.SearchProductPage.<init>(SearchProductPage.java:21)
at java.base/jdk.internal.reflect.DirectConstructorHandleAccessor.newInstance(DirectConstructorHandleAccessor.java:67)
at java.base/java.lang.reflect.Constructor.newInstanceWithCaller(Constructor.java:499)
at java.base/java.lang.reflect.ReflectAccess.newInstance(ReflectAccess.java:128)
at java.base/jdk.internal.reflect.ReflectionFactory.newInstance(ReflectionFactory.java:341)
at java.base/java.lang.Class.newInstance(Class.java:677)
at org.openqa.selenium.support.PageFactory.instantiatePage(PageFactory.java:131)
at org.openqa.selenium.support.PageFactory.initElements(PageFactory.java:64)
at com.objectRepo.SearchProductPage.<init>(SearchProductPage.java:21)
at java.base/jdk.internal.reflect.DirectConstructorHandleAccessor.newInstance(DirectConstructorHandleAccessor.java:67)
at java.base/java.lang.reflect.Constructor.newInstanceWithCaller(Constructor.java:499)
at java.base/java.lang.reflect.ReflectAccess.newInstance(ReflectAccess.java:128)
at java.base/jdk.internal.reflect.ReflectionFactory.newInstance(ReflectionFactory.java:341)
at java.base/java.lang.Class.newInstance(Class.java:677)
at org.openqa.selenium.support.PageFactory.instantiatePage(PageFactory.java:131)
at org.openqa.selenium.support.PageFactory.initElements(PageFactory.java:64)
at com.objectRepo.SearchProductPage.<init>(SearchProductPage.java:21)
at java.base/jdk.internal.reflect.DirectConstructorHandleAccessor.newInstance(DirectConstructorHandleAccessor.java:67)
at java.base/java.lang.reflect.Constructor.newInstanceWithCaller(Constructor.java:499)
at java.base/java.lang.reflect.ReflectAccess.newInstance(ReflectAccess.java:128)
at java.base/jdk.internal.reflect.ReflectionFactory.newInstance(ReflectionFactory.java:341)
at java.base/java.lang.Class.newInstance(Class.java:677)
at org.openqa.selenium.support.PageFactory.instantiatePage(PageFactory.java:131)
at org.openqa.selenium.support.PageFactory.initElements(PageFactory.java:64)
at com.objectRepo.SearchProductPage.<init>(SearchProductPage.java:21)
at java.base/jdk.internal.reflect.DirectConstructorHandleAccessor.newInstance(DirectConstructorHandleAccessor.java:67)
at java.base/java.lang.reflect.Constructor.newInstanceWithCaller(Constructor.java:499)
at java.base/java.lang.reflect.ReflectAccess.newInstance(ReflectAccess.java:128)
at java.base/jdk.internal.reflect.ReflectionFactory.newInstance(ReflectionFactory.java:341)
at java.base/java.lang.Class.newInstance(Class.java:677)
at org.openqa.selenium.support.PageFactory.instantiatePage(PageFactory.java:131)
at org.openqa.selenium.support.PageFactory.initElements(PageFactory.java:64)
at com.objectRepo.SearchProductPage.<init>(SearchProductPage.java:21)
at java.base/jdk.internal.reflect.DirectConstructorHandleAccessor.newInstance(DirectConstructorHandleAccessor.java:67)
at java.base/java.lang.reflect.Constructor.newInstanceWithCaller(Constructor.java:499)
at java.base/java.lang.reflect.ReflectAccess.newInstance(ReflectAccess.java:128)
at java.base/jdk.internal.reflect.ReflectionFactory.newInstance(ReflectionFactory.java:341)
at java.base/java.lang.Class.newInstance(Class.java:677)
at org.openqa.selenium.support.PageFactory.instantiatePage(PageFactory.java:131)
at org.openqa.selenium.support.PageFactory.initElements(PageFactory.java:64)
at com.objectRepo.SearchProductPage.<init>(SearchProductPage.java:21)
at java.base/jdk.internal.reflect.DirectConstructorHandleAccessor.newInstance(DirectConstructorHandleAccessor.java:67)
at java.base/java.lang.reflect.Constructor.newInstanceWithCaller(Constructor.java:499)
at java.base/java.lang.reflect.ReflectAccess.newInstance(ReflectAccess.java:128)
at java.base/jdk.internal.reflect.ReflectionFactory.newInstance(ReflectionFactory.java:341)
at java.base/java.lang.Class.newInstance(Class.java:677)
at org.openqa.selenium.support.PageFactory.instantiatePage(PageFactory.java:131)
at org.openqa.selenium.support.PageFactory.initElements(PageFactory.java:64)
at com.objectRepo.SearchProductPage.<init>(SearchProductPage.java:21)
at java.base/jdk.internal.reflect.DirectConstructorHandleAccessor.newInstance(DirectConstructorHandleAccessor.java:67)
at java.base/java.lang.reflect.Constructor.newInstanceWithCaller(Constructor.java:499)
at java.base/java.lang.reflect.ReflectAccess.newInstance(ReflectAccess.java:128)
at java.base/jdk.internal.reflect.ReflectionFactory.newInstance(ReflectionFactory.java:341)
at java.base/java.lang.Class.newInstance(Class.java:677)
at org.openqa.selenium.support.PageFactory.instantiatePage(PageFactory.java:131)
at org.openqa.selenium.support.PageFactory.initElements(PageFactory.java:64)
at com.objectRepo.SearchProductPage.<init>(SearchProductPage.java:21)
at java.base/jdk.internal.reflect.DirectConstructorHandleAccessor.newInstance(DirectConstructorHandleAccessor.java:67)
at java.base/java.lang.reflect.Constructor.newInstanceWithCaller(Constructor.java:499)
at java.base/java.lang.reflect.ReflectAccess.newInstance(ReflectAccess.java:128)
at java.base/jdk.internal.reflect.ReflectionFactory.newInstance(ReflectionFactory.java:341)
at java.base/java.lang.Class.newInstance(Class.java:677)
at org.openqa.selenium.support.PageFactory.instantiatePage(PageFactory.java:131)
at org.openqa.selenium.support.PageFactory.initElements(PageFactory.java:64)
at com.objectRepo.SearchProductPage.<init>(SearchProductPage.java:21)
at java.base/jdk.internal.reflect.DirectConstructorHandleAccessor.newInstance(DirectConstructorHandleAccessor.java:67)
at java.base/java.lang.reflect.Constructor.newInstanceWithCaller(Constructor.java:499)
at java.base/java.lang.reflect.ReflectAccess.newInstance(ReflectAccess.java:128)
at java.base/jdk.internal.reflect.ReflectionFactory.newInstance(ReflectionFactory.java:341)
at java.base/java.lang.Class.newInstance(Class.java:677)
at org.openqa.selenium.support.PageFactory.instantiatePage(PageFactory.java:131)
at org.openqa.selenium.support.PageFactory.initElements(PageFactory.java:64)
at com.objectRepo.SearchProductPage.<init>(SearchProductPage.java:21)
at java.base/jdk.internal.reflect.DirectConstructorHandleAccessor.newInstance(DirectConstructorHandleAccessor.java:67)
at java.base/java.lang.reflect.Constructor.newInstanceWithCaller(Constructor.java:499)
at java.base/java.lang.reflect.ReflectAccess.newInstance(ReflectAccess.java:128)
at java.base/jdk.internal.reflect.ReflectionFactory.newInstance(ReflectionFactory.java:341)
at java.base/java.lang.Class.newInstance(Class.java:677)
at org.openqa.selenium.support.PageFactory.instantiatePage(PageFactory.java:131)
at org.openqa.selenium.support.PageFactory.initElements(PageFactory.java:64)
at com.objectRepo.SearchProductPage.<init>(SearchProductPage.java:21)
at java.base/jdk.internal.reflect.DirectConstructorHandleAccessor.newInstance(DirectConstructorHandleAccessor.java:67)
at java.base/java.lang.reflect.Constructor.newInstanceWithCaller(Constructor.java:499)
at java.base/java.lang.reflect.ReflectAccess.newInstance(ReflectAccess.java:128)
at java.base/jdk.internal.reflect.ReflectionFactory.newInstance(ReflectionFactory.java:341)
at java.base/java.lang.Class.newInstance(Class.java:677)
at org.openqa.selenium.support.PageFactory.instantiatePage(PageFactory.java:131)
at org.openqa.selenium.support.PageFactory.initElements(PageFactory.java:64)
at com.objectRepo.SearchProductPage.<init>(SearchProductPage.java:21)
at java.base/jdk.internal.reflect.DirectConstructorHandleAccessor.newInstance(DirectConstructorHandleAccessor.java:67)
at java.base/java.lang.reflect.Constructor.newInstanceWithCaller(Constructor.java:499)
at java.base/java.lang.reflect.ReflectAccess.newInstance(ReflectAccess.java:128)
at java.base/jdk.internal.reflect.ReflectionFactory.newInstance(ReflectionFactory.java:341)
at java.base/java.lang.Class.newInstance(Class.java:677)
at org.openqa.selenium.support.PageFactory.instantiatePage(PageFactory.java:131)
at org.openqa.selenium.support.PageFactory.initElements(PageFactory.java:64)
at com.objectRepo.SearchProductPage.<init>(SearchProductPage.java:21)
at java.base/jdk.internal.reflect.DirectConstructorHandleAccessor.newInstance(DirectConstructorHandleAccessor.java:67)
at java.base/java.lang.reflect.Constructor.newInstanceWithCaller(Constructor.java:499)
at java.base/java.lang.reflect.ReflectAccess.newInstance(ReflectAccess.java:128)
at java.base/jdk.internal.reflect.ReflectionFactory.newInstance(ReflectionFactory.java:341)
at java.base/java.lang.Class.newInstance(Class.java:677)
at org.openqa.selenium.support.PageFactory.instantiatePage(PageFactory.java:131)
at org.openqa.selenium.support.PageFactory.initElements(PageFactory.java:64)
at com.objectRepo.SearchProductPage.<init>(SearchProductPage.java:21)
at java.base/jdk.internal.reflect.DirectConstructorHandleAccessor.newInstance(DirectConstructorHandleAccessor.java:67)
at java.base/java.lang.reflect.Constructor.newInstanceWithCaller(Constructor.java:499)
at java.base/java.lang.reflect.ReflectAccess.newInstance(ReflectAccess.java:128)
at java.base/jdk.internal.reflect.ReflectionFactory.newInstance(ReflectionFactory.java:341)
at java.base/java.lang.Class.newInstance(Class.java:677)
at org.openqa.selenium.support.PageFactory.instantiatePage(PageFactory.java:131)
at org.openqa.selenium.support.PageFactory.initElements(PageFactory.java:64)
at com.objectRepo.SearchProductPage.<init>(SearchProductPage.java:21)
at java.base/jdk.internal.reflect.DirectConstructorHandleAccessor.newInstance(DirectConstructorHandleAccessor.java:67)
at java.base/java.lang.reflect.Constructor.newInstanceWithCaller(Constructor.java:499)
at java.base/java.lang.reflect.ReflectAccess.newInstance(ReflectAccess.java:128)
at java.base/jdk.internal.reflect.ReflectionFactory.newInstance(ReflectionFactory.java:341)
at java.base/java.lang.Class.newInstance(Class.java:677)
at org.openqa.selenium.support.PageFactory.instantiatePage(PageFactory.java:131)
at org.openqa.selenium.support.PageFactory.initElements(PageFactory.java:64)
at com.objectRepo.SearchProductPage.<init>(SearchProductPage.java:21)
at java.base/jdk.internal.reflect.DirectConstructorHandleAccessor.newInstance(DirectConstructorHandleAccessor.java:67)
at java.base/java.lang.reflect.Constructor.newInstanceWithCaller(Constructor.java:499)
at java.base/java.lang.reflect.ReflectAccess.newInstance(ReflectAccess.java:128)
at java.base/jdk.internal.reflect.ReflectionFactory.newInstance(ReflectionFactory.java:341)
at java.base/java.lang.Class.newInstance(Class.java:677)
at org.openqa.selenium.support.PageFactory.instantiatePage(PageFactory.java:131)
at org.openqa.selenium.support.PageFactory.initElements(PageFactory.java:64)
at com.objectRepo.SearchProductPage.<init>(SearchProductPage.java:21)
at java.base/jdk.internal.reflect.DirectConstructorHandleAccessor.newInstance(DirectConstructorHandleAccessor.java:67)
at java.base/java.lang.reflect.Constructor.newInstanceWithCaller(Constructor.java:499)
at java.base/java.lang.reflect.ReflectAccess.newInstance(ReflectAccess.java:128)
at java.base/jdk.internal.reflect.ReflectionFactory.newInstance(ReflectionFactory.java:341)
at java.base/java.lang.Class.newInstance(Class.java:677)
at org.openqa.selenium.support.PageFactory.instantiatePage(PageFactory.java:131)
at org.openqa.selenium.support.PageFactory.initElements(PageFactory.java:64)
at com.objectRepo.SearchProductPage.<init>(SearchProductPage.java:21)
at java.base/jdk.internal.reflect.DirectConstructorHandleAccessor.newInstance(DirectConstructorHandleAccessor.java:67)
at java.base/java.lang.reflect.Constructor.newInstanceWithCaller(Constructor.java:499)
at java.base/java.lang.reflect.ReflectAccess.newInstance(ReflectAccess.java:128)
at java.base/jdk.internal.reflect.ReflectionFactory.newInstance(ReflectionFactory.java:341)
at java.base/java.lang.Class.newInstance(Class.java:677)
at org.openqa.selenium.support.PageFactory.instantiatePage(PageFactory.java:131)
at org.openqa.selenium.support.PageFactory.initElements(PageFactory.java:64)
at com.objectRepo.SearchProductPage.<init>(SearchProductPage.java:21)
at java.base/jdk.internal.reflect.DirectConstructorHandleAccessor.newInstance(DirectConstructorHandleAccessor.java:67)
at java.base/java.lang.reflect.Constructor.newInstanceWithCaller(Constructor.java:499)
at java.base/java.lang.reflect.ReflectAccess.newInstance(ReflectAccess.java:128)
at java.base/jdk.internal.reflect.ReflectionFactory.newInstance(ReflectionFactory.java:341)
at java.base/java.lang.Class.newInstance(Class.java:677)
at org.openqa.selenium.support.PageFactory.instantiatePage(PageFactory.java:131)
at org.openqa.selenium.support.PageFactory.initElements(PageFactory.java:64)
at com.objectRepo.SearchProductPage.<init>(SearchProductPage.java:21)
at java.base/jdk.internal.reflect.DirectConstructorHandleAccessor.newInstance(DirectConstructorHandleAccessor.java:67)
at java.base/java.lang.reflect.Constructor.newInstanceWithCaller(Constructor.java:499)
at java.base/java.lang.reflect.ReflectAccess.newInstance(ReflectAccess.java:128)
at java.base/jdk.internal.reflect.ReflectionFactory.newInstance(ReflectionFactory.java:341)
at java.base/java.lang.Class.newInstance(Class.java:677)
at org.openqa.selenium.support.PageFactory.instantiatePage(PageFactory.java:131)
at org.openqa.selenium.support.PageFactory.initElements(PageFactory.java:64)
at com.objectRepo.SearchProductPage.<init>(SearchProductPage.java:21)
at java.base/jdk.internal.reflect.DirectConstructorHandleAccessor.newInstance(DirectConstructorHandleAccessor.java:67)
at java.base/java.lang.reflect.Constructor.newInstanceWithCaller(Constructor.java:499)
at java.base/java.lang.reflect.ReflectAccess.newInstance(ReflectAccess.java:128)
at java.base/jdk.internal.reflect.ReflectionFactory.newInstance(ReflectionFactory.java:341)
at java.base/java.lang.Class.newInstance(Class.java:677)
at org.openqa.selenium.support.PageFactory.instantiatePage(PageFactory.java:131)
at org.openqa.selenium.support.PageFactory.initElements(PageFactory.java:64)
at com.objectRepo.SearchProductPage.<init>(SearchProductPage.java:21)
at java.base/jdk.internal.reflect.DirectConstructorHandleAccessor.newInstance(DirectConstructorHandleAccessor.java:67)
at java.base/java.lang.reflect.Constructor.newInstanceWithCaller(Constructor.java:499)
at java.base/java.lang.reflect.ReflectAccess.newInstance(ReflectAccess.java:128)
at java.base/jdk.internal.reflect.ReflectionFactory.newInstance(ReflectionFactory.java:341)
at java.base/java.lang.Class.newInstance(Class.java:677)
at org.openqa.selenium.support.PageFactory.instantiatePage(PageFactory.java:131)
at org.openqa.selenium.support.PageFactory.initElements(PageFactory.java:64)
at com.objectRepo.SearchProductPage.<init>(SearchProductPage.java:21)
at java.base/jdk.internal.reflect.DirectConstructorHandleAccessor.newInstance(DirectConstructorHandleAccessor.java:67)
at java.base/java.lang.reflect.Constructor.newInstanceWithCaller(Constructor.java:499)
at java.base/java.lang.reflect.ReflectAccess.newInstance(ReflectAccess.java:128)
at java.base/jdk.internal.reflect.ReflectionFactory.newInstance(ReflectionFactory.java:341)
at java.base/java.lang.Class.newInstance(Class.java:677)
at org.openqa.selenium.support.PageFactory.instantiatePage(PageFactory.java:131)
at org.openqa.selenium.support.PageFactory.initElements(PageFactory.java:64)
at com.objectRepo.SearchProductPage.<init>(SearchProductPage.java:21)
at java.base/jdk.internal.reflect.DirectConstructorHandleAccessor.newInstance(DirectConstructorHandleAccessor.java:67)
at java.base/java.lang.reflect.Constructor.newInstanceWithCaller(Constructor.java:499)
at java.base/java.lang.reflect.ReflectAccess.newInstance(ReflectAccess.java:128)
at java.base/jdk.internal.reflect.ReflectionFactory.newInstance(ReflectionFactory.java:341)
at java.base/java.lang.Class.newInstance(Class.java:677)
at org.openqa.selenium.support.PageFactory.instantiatePage(PageFactory.java:131)
at org.openqa.selenium.support.PageFactory.initElements(PageFactory.java:64)
at com.objectRepo.SearchProductPage.<init>(SearchProductPage.java:21)
at java.base/jdk.internal.reflect.DirectConstructorHandleAccessor.newInstance(DirectConstructorHandleAccessor.java:67)
at java.base/java.lang.reflect.Constructor.newInstanceWithCaller(Constructor.java:499)
at java.base/java.lang.reflect.ReflectAccess.newInstance(ReflectAccess.java:128)
at java.base/jdk.internal.reflect.ReflectionFactory.newInstance(ReflectionFactory.java:341)
at java.base/java.lang.Class.newInstance(Class.java:677)
at org.openqa.selenium.support.PageFactory.instantiatePage(PageFactory.java:131)
at org.openqa.selenium.support.PageFactory.initElements(PageFactory.java:64)
at com.objectRepo.SearchProductPage.<init>(SearchProductPage.java:21)
at java.base/jdk.internal.reflect.DirectConstructorHandleAccessor.newInstance(DirectConstructorHandleAccessor.java:67)
at java.base/java.lang.reflect.Constructor.newInstanceWithCaller(Constructor.java:499)
at java.base/java.lang.reflect.ReflectAccess.newInstance(ReflectAccess.java:128)
at java.base/jdk.internal.reflect.ReflectionFactory.newInstance(ReflectionFactory.java:341)
at java.base/java.lang.Class.newInstance(Class.java:677)
at org.openqa.selenium.support.PageFactory.instantiatePage(PageFactory.java:131)
at org.openqa.selenium.support.PageFactory.initElements(PageFactory.java:64)
at com.objectRepo.SearchProductPage.<init>(SearchProductPage.java:21)
at java.base/jdk.internal.reflect.DirectConstructorHandleAccessor.newInstance(DirectConstructorHandleAccessor.java:67)
at java.base/java.lang.reflect.Constructor.newInstanceWithCaller(Constructor.java:499)
at java.base/java.lang.reflect.ReflectAccess.newInstance(ReflectAccess.java:128)
at java.base/jdk.internal.reflect.ReflectionFactory.newInstance(ReflectionFactory.java:341)
at java.base/java.lang.Class.newInstance(Class.java:677)
at org.openqa.selenium.support.PageFactory.instantiatePage(PageFactory.java:131)
at org.openqa.selenium.support.PageFactory.initElements(PageFactory.java:64)
at com.objectRepo.SearchProductPage.<init>(SearchProductPage.java:21)
at java.base/jdk.internal.reflect.DirectConstructorHandleAccessor.newInstance(DirectConstructorHandleAccessor.java:67)
at java.base/java.lang.reflect.Constructor.newInstanceWithCaller(Constructor.java:499)
at java.base/java.lang.reflect.ReflectAccess.newInstance(ReflectAccess.java:128)
at java.base/jdk.internal.reflect.ReflectionFactory.newInstance(ReflectionFactory.java:341)
at java.base/java.lang.Class.newInstance(Class.java:677)
at org.openqa.selenium.support.PageFactory.instantiatePage(PageFactory.java:131)
at org.openqa.selenium.support.PageFactory.initElements(PageFactory.java:64)
at com.objectRepo.SearchProductPage.<init>(SearchProductPage.java:21)
at java.base/jdk.internal.reflect.DirectConstructorHandleAccessor.newInstance(DirectConstructorHandleAccessor.java:67)
at java.base/java.lang.reflect.Constructor.newInstanceWithCaller(Constructor.java:499)
at java.base/java.lang.reflect.ReflectAccess.newInstance(ReflectAccess.java:128)
at java.base/jdk.internal.reflect.ReflectionFactory.newInstance(ReflectionFactory.java:341)
at java.base/java.lang.Class.newInstance(Class.java:677)
at org.openqa.selenium.support.PageFactory.instantiatePage(PageFactory.java:131)
at org.openqa.selenium.support.PageFactory.initElements(PageFactory.java:64)
at com.objectRepo.SearchProductPage.<init>(SearchProductPage.java:21)
at java.base/jdk.internal.reflect.DirectConstructorHandleAccessor.newInstance(DirectConstructorHandleAccessor.java:67)
at java.base/java.lang.reflect.Constructor.newInstanceWithCaller(Constructor.java:499)
at java.base/java.lang.reflect.ReflectAccess.newInstance(ReflectAccess.java:128)
at java.base/jdk.internal.reflect.ReflectionFactory.newInstance(ReflectionFactory.java:341)
at java.base/java.lang.Class.newInstance(Class.java:677)
at org.openqa.selenium.support.PageFactory.instantiatePage(PageFactory.java:131)
at org.openqa.selenium.support.PageFactory.initElements(PageFactory.java:64)
at com.objectRepo.SearchProductPage.<init>(SearchProductPage.java:21)
at java.base/jdk.internal.reflect.DirectConstructorHandleAccessor.newInstance(DirectConstructorHandleAccessor.java:67)
at java.base/java.lang.reflect.Constructor.newInstanceWithCaller(Constructor.java:499)
at java.base/java.lang.reflect.ReflectAccess.newInstance(ReflectAccess.java:128)
at java.base/jdk.internal.reflect.ReflectionFactory.newInstance(ReflectionFactory.java:341)
at java.base/java.lang.Class.newInstance(Class.java:677)
at org.openqa.selenium.support.PageFactory.instantiatePage(PageFactory.java:131)
at org.openqa.selenium.support.PageFactory.initElements(PageFactory.java:64)
at com.objectRepo.SearchProductPage.<init>(SearchProductPage.java:21)
at java.base/jdk.internal.reflect.DirectConstructorHandleAccessor.newInstance(DirectConstructorHandleAccessor.java:67)
at java.base/java.lang.reflect.Constructor.newInstanceWithCaller(Constructor.java:499)
at java.base/java.lang.reflect.ReflectAccess.newInstance(ReflectAccess.java:128)
at java.base/jdk.internal.reflect.ReflectionFactory.newInstance(ReflectionFactory.java:341)
at java.base/java.lang.Class.newInstance(Class.java:677)
at org.openqa.selenium.support.PageFactory.instantiatePage(PageFactory.java:131)
at org.openqa.selenium.support.PageFactory.initElements(PageFactory.java:64)
at com.objectRepo.SearchProductPage.<init>(SearchProductPage.java:21)
at java.base/jdk.internal.reflect.DirectConstructorHandleAccessor.newInstance(DirectConstructorHandleAccessor.java:67)
at java.base/java.lang.reflect.Constructor.newInstanceWithCaller(Constructor.java:499)
at java.base/java.lang.reflect.ReflectAccess.newInstance(ReflectAccess.java:128)
at java.base/jdk.internal.reflect.ReflectionFactory.newInstance(ReflectionFactory.java:341)
at java.base/java.lang.Class.newInstance(Class.java:677)
at org.openqa.selenium.support.PageFactory.instantiatePage(PageFactory.java:131)
at org.openqa.selenium.support.PageFactory.initElements(PageFactory.java:64)
at com.objectRepo.SearchProductPage.<init>(SearchProductPage.java:21)
at java.base/jdk.internal.reflect.DirectConstructorHandleAccessor.newInstance(DirectConstructorHandleAccessor.java:67)
at java.base/java.lang.reflect.Constructor.newInstanceWithCaller(Constructor.java:499)
at java.base/java.lang.reflect.ReflectAccess.newInstance(ReflectAccess.java:128)
at java.base/jdk.internal.reflect.ReflectionFactory.newInstance(ReflectionFactory.java:341)
at java.base/java.lang.Class.newInstance(Class.java:677)
at org.openqa.selenium.support.PageFactory.instantiatePage(PageFactory.java:131)
at org.openqa.selenium.support.PageFactory.initElements(PageFactory.java:64)
at com.objectRepo.SearchProductPage.<init>(SearchProductPage.java:21)
at java.base/jdk.internal.reflect.DirectConstructorHandleAccessor.newInstance(DirectConstructorHandleAccessor.java:67)
at java.base/java.lang.reflect.Constructor.newInstanceWithCaller(Constructor.java:499)
at java.base/java.lang.reflect.ReflectAccess.newInstance(ReflectAccess.java:128)
at java.base/jdk.internal.reflect.ReflectionFactory.newInstance(ReflectionFactory.java:341)
at java.base/java.lang.Class.newInstance(Class.java:677)
at org.openqa.selenium.support.PageFactory.instantiatePage(PageFactory.java:131)
at org.openqa.selenium.support.PageFactory.initElements(PageFactory.java:64)
at com.objectRepo.SearchProductPage.<init>(SearchProductPage.java:21)
at java.base/jdk.internal.reflect.DirectConstructorHandleAccessor.newInstance(DirectConstructorHandleAccessor.java:67)
at java.base/java.lang.reflect.Constructor.newInstanceWithCaller(Constructor.java:499)
at java.base/java.lang.reflect.ReflectAccess.newInstance(ReflectAccess.java:128)
at java.base/jdk.internal.reflect.ReflectionFactory.newInstance(ReflectionFactory.java:341)
at java.base/java.lang.Class.newInstance(Class.java:677)
at org.openqa.selenium.support.PageFactory.instantiatePage(PageFactory.java:131)
at org.openqa.selenium.support.PageFactory.initElements(PageFactory.java:64)
at com.objectRepo.SearchProductPage.<init>(SearchProductPage.java:21)
at java.base/jdk.internal.reflect.DirectConstructorHandleAccessor.newInstance(DirectConstructorHandleAccessor.java:67)
at java.base/java.lang.reflect.Constructor.newInstanceWithCaller(Constructor.java:499)
at java.base/java.lang.reflect.ReflectAccess.newInstance(ReflectAccess.java:128)
at java.base/jdk.internal.reflect.ReflectionFactory.newInstance(ReflectionFactory.java:341)
at java.base/java.lang.Class.newInstance(Class.java:677)
at org.openqa.selenium.support.PageFactory.instantiatePage(PageFactory.java:131)
at org.openqa.selenium.support.PageFactory.initElements(PageFactory.java:64)
at com.objectRepo.SearchProductPage.<init>(SearchProductPage.java:21)
at java.base/jdk.internal.reflect.DirectConstructorHandleAccessor.newInstance(DirectConstructorHandleAccessor.java:67)
at java.base/java.lang.reflect.Constructor.newInstanceWithCaller(Constructor.java:499)
at java.base/java.lang.reflect.ReflectAccess.newInstance(ReflectAccess.java:128)
at java.base/jdk.internal.reflect.ReflectionFactory.newInstance(ReflectionFactory.java:341)
at java.base/java.lang.Class.newInstance(Class.java:677)
at org.openqa.selenium.support.PageFactory.instantiatePage(PageFactory.java:131)
at org.openqa.selenium.support.PageFactory.initElements(PageFactory.java:64)
at com.objectRepo.SearchProductPage.<init>(SearchProductPage.java:21)
at java.base/jdk.internal.reflect.DirectConstructorHandleAccessor.newInstance(DirectConstructorHandleAccessor.java:67)
at java.base/java.lang.reflect.Constructor.newInstanceWithCaller(Constructor.java:499)
at java.base/java.lang.reflect.ReflectAccess.newInstance(ReflectAccess.java:128)
at java.base/jdk.internal.reflect.ReflectionFactory.newInstance(ReflectionFactory.java:341)
at java.base/java.lang.Class.newInstance(Class.java:677)
at org.openqa.selenium.support.PageFactory.instantiatePage(PageFactory.java:131)
at org.openqa.selenium.support.PageFactory.initElements(PageFactory.java:64)
at com.objectRepo.SearchProductPage.<init>(SearchProductPage.java:21)
at java.base/jdk.internal.reflect.DirectConstructorHandleAccessor.newInstance(DirectConstructorHandleAccessor.java:67)
at java.base/java.lang.reflect.Constructor.newInstanceWithCaller(Constructor.java:499)
at java.base/java.lang.reflect.ReflectAccess.newInstance(ReflectAccess.java:128)
at java.base/jdk.internal.reflect.ReflectionFactory.newInstance(ReflectionFactory.java:341)
at java.base/java.lang.Class.newInstance(Class.java:677)
at org.openqa.selenium.support.PageFactory.instantiatePage(PageFactory.java:131)
at org.openqa.selenium.support.PageFactory.initElements(PageFactory.java:64)
at com.objectRepo.SearchProductPage.<init>(SearchProductPage.java:21)
at java.base/jdk.internal.reflect.DirectConstructorHandleAccessor.newInstance(DirectConstructorHandleAccessor.java:67)
at java.base/java.lang.reflect.Constructor.newInstanceWithCaller(Constructor.java:499)
at java.base/java.lang.reflect.ReflectAccess.newInstance(ReflectAccess.java:128)
at java.base/jdk.internal.reflect.ReflectionFactory.newInstance(ReflectionFactory.java:341)
at java.base/java.lang.Class.newInstance(Class.java:677)
at org.openqa.selenium.support.PageFactory.instantiatePage(PageFactory.java:131)
at org.openqa.selenium.support.PageFactory.initElements(PageFactory.java:64)
at com.objectRepo.SearchProductPage.<init>(SearchProductPage.java:21)
at java.base/jdk.internal.reflect.DirectConstructorHandleAccessor.newInstance(DirectConstructorHandleAccessor.java:67)
at java.base/java.lang.reflect.Constructor.newInstanceWithCaller(Constructor.java:499)
at java.base/java.lang.reflect.ReflectAccess.newInstance(ReflectAccess.java:128)
at java.base/jdk.internal.reflect.ReflectionFactory.newInstance(ReflectionFactory.java:341)
at java.base/java.lang.Class.newInstance(Class.java:677)
at org.openqa.selenium.support.PageFactory.instantiatePage(PageFactory.java:131)
at org.openqa.selenium.support.PageFactory.initElements(PageFactory.java:64)
at com.objectRepo.SearchProductPage.<init>(SearchProductPage.java:21)
at java.base/jdk.internal.reflect.DirectConstructorHandleAccessor.newInstance(DirectConstructorHandleAccessor.java:67)
at java.base/java.lang.reflect.Constructor.newInstanceWithCaller(Constructor.java:499)
at java.base/java.lang.reflect.ReflectAccess.newInstance(ReflectAccess.java:128)
at java.base/jdk.internal.reflect.ReflectionFactory.newInstance(ReflectionFactory.java:341)
at java.base/java.lang.Class.newInstance(Class.java:677)
at org.openqa.selenium.support.PageFactory.instantiatePage(PageFactory.java:131)
at org.openqa.selenium.support.PageFactory.initElements(PageFactory.java:64)
at com.objectRepo.SearchProductPage.<init>(SearchProductPage.java:21)
at java.base/jdk.internal.reflect.DirectConstructorHandleAccessor.newInstance(DirectConstructorHandleAccessor.java:67)
at java.base/java.lang.reflect.Constructor.newInstanceWithCaller(Constructor.java:499)
at java.base/java.lang.reflect.ReflectAccess.newInstance(ReflectAccess.java:128)
at java.base/jdk.internal.reflect.ReflectionFactory.newInstance(ReflectionFactory.java:341)
at java.base/java.lang.Class.newInstance(Class.java:677)
at org.openqa.selenium.support.PageFactory.instantiatePage(PageFactory.java:131)
at org.openqa.selenium.support.PageFactory.initElements(PageFactory.java:64)
at com.objectRepo.SearchProductPage.<init>(SearchProductPage.java:21)
at java.base/jdk.internal.reflect.DirectConstructorHandleAccessor.newInstance(DirectConstructorHandleAccessor.java:67)
at java.base/java.lang.reflect.Constructor.newInstanceWithCaller(Constructor.java:499)
at java.base/java.lang.reflect.ReflectAccess.newInstance(ReflectAccess.java:128)
at java.base/jdk.internal.reflect.ReflectionFactory.newInstance(ReflectionFactory.java:341)
at java.base/java.lang.Class.newInstance(Class.java:677)
at org.openqa.selenium.support.PageFactory.instantiatePage(PageFactory.java:131)
at org.openqa.selenium.support.PageFactory.initElements(PageFactory.java:64)
at com.objectRepo.SearchProductPage.<init>(SearchProductPage.java:21)
at java.base/jdk.internal.reflect.DirectConstructorHandleAccessor.newInstance(DirectConstructorHandleAccessor.java:67)
at java.base/java.lang.reflect.Constructor.newInstanceWithCaller(Constructor.java:499)
at java.base/java.lang.reflect.ReflectAccess.newInstance(ReflectAccess.java:128)
at java.base/jdk.internal.reflect.ReflectionFactory.newInstance(ReflectionFactory.java:341)
at java.base/java.lang.Class.newInstance(Class.java:677)
at org.openqa.selenium.support.PageFactory.instantiatePage(PageFactory.java:131)
at org.openqa.selenium.support.PageFactory.initElements(PageFactory.java:64)
at com.objectRepo.SearchProductPage.<init>(SearchProductPage.java:21)
at java.base/jdk.internal.reflect.DirectConstructorHandleAccessor.newInstance(DirectConstructorHandleAccessor.java:67)
at java.base/java.lang.reflect.Constructor.newInstanceWithCaller(Constructor.java:499)
at java.base/java.lang.reflect.ReflectAccess.newInstance(ReflectAccess.java:128)
at java.base/jdk.internal.reflect.ReflectionFactory.newInstance(ReflectionFactory.java:341)
at java.base/java.lang.Class.newInstance(Class.java:677)
at org.openqa.selenium.support.PageFactory.instantiatePage(PageFactory.java:131)
at org.openqa.selenium.support.PageFactory.initElements(PageFactory.java:64)
at com.objectRepo.SearchProductPage.<init>(SearchProductPage.java:21)
at java.base/jdk.internal.reflect.DirectConstructorHandleAccessor.newInstance(DirectConstructorHandleAccessor.java:67)
at java.base/java.lang.reflect.Constructor.newInstanceWithCaller(Constructor.java:499)
at java.base/java.lang.reflect.ReflectAccess.newInstance(ReflectAccess.java:128)
at java.base/jdk.internal.reflect.ReflectionFactory.newInstance(ReflectionFactory.java:341)
at java.base/java.lang.Class.newInstance(Class.java:677)
at org.openqa.selenium.support.PageFactory.instantiatePage(PageFactory.java:131)
at org.openqa.selenium.support.PageFactory.initElements(PageFactory.java:64)
at com.objectRepo.SearchProductPage.<init>(SearchProductPage.java:21)
at java.base/jdk.internal.reflect.DirectConstructorHandleAccessor.newInstance(DirectConstructorHandleAccessor.java:67)
at java.base/java.lang.reflect.Constructor.newInstanceWithCaller(Constructor.java:499)
at java.base/java.lang.reflect.ReflectAccess.newInstance(ReflectAccess.java:128)
at java.base/jdk.internal.reflect.ReflectionFactory.newInstance(ReflectionFactory.java:341)
at java.base/java.lang.Class.newInstance(Class.java:677)
at org.openqa.selenium.support.PageFactory.instantiatePage(PageFactory.java:131)
at org.openqa.selenium.support.PageFactory.initElements(PageFactory.java:64)
at com.objectRepo.SearchProductPage.<init>(SearchProductPage.java:21)
at java.base/jdk.internal.reflect.DirectConstructorHandleAccessor.newInstance(DirectConstructorHandleAccessor.java:67)
at java.base/java.lang.reflect.Constructor.newInstanceWithCaller(Constructor.java:499)
at java.base/java.lang.reflect.ReflectAccess.newInstance(ReflectAccess.java:128)
at java.base/jdk.internal.reflect.ReflectionFactory.newInstance(ReflectionFactory.java:341)
at java.base/java.lang.Class.newInstance(Class.java:677)
at org.openqa.selenium.support.PageFactory.instantiatePage(PageFactory.java:131)
at org.openqa.selenium.support.PageFactory.initElements(PageFactory.java:64)
at com.objectRepo.SearchProductPage.<init>(SearchProductPage.java:21)
at java.base/jdk.internal.reflect.DirectConstructorHandleAccessor.newInstance(DirectConstructorHandleAccessor.java:67)
at java.base/java.lang.reflect.Constructor.newInstanceWithCaller(Constructor.java:499)
at java.base/java.lang.reflect.ReflectAccess.newInstance(ReflectAccess.java:128)
at java.base/jdk.internal.reflect.ReflectionFactory.newInstance(ReflectionFactory.java:341)
at java.base/java.lang.Class.newInstance(Class.java:677)
at org.openqa.selenium.support.PageFactory.instantiatePage(PageFactory.java:131)
at org.openqa.selenium.support.PageFactory.initElements(PageFactory.java:64)
at com.objectRepo.SearchProductPage.<init>(SearchProductPage.java:21)
at java.base/jdk.internal.reflect.DirectConstructorHandleAccessor.newInstance(DirectConstructorHandleAccessor.java:67)
at java.base/java.lang.reflect.Constructor.newInstanceWithCaller(Constructor.java:499)
at java.base/java.lang.reflect.ReflectAccess.newInstance(ReflectAccess.java:128)
at java.base/jdk.internal.reflect.ReflectionFactory.newInstance(ReflectionFactory.java:341)
at java.base/java.lang.Class.newInstance(Class.java:677)
at org.openqa.selenium.support.PageFactory.instantiatePage(PageFactory.java:131)
at org.openqa.selenium.support.PageFactory.initElements(PageFactory.java:64)
at com.objectRepo.SearchProductPage.<init>(SearchProductPage.java:21)
at java.base/jdk.internal.reflect.DirectConstructorHandleAccessor.newInstance(DirectConstructorHandleAccessor.java:67)
at java.base/java.lang.reflect.Constructor.newInstanceWithCaller(Constructor.java:499)
at java.base/java.lang.reflect.ReflectAccess.newInstance(ReflectAccess.java:128)
at java.base/jdk.internal.reflect.ReflectionFactory.newInstance(ReflectionFactory.java:341)
at java.base/java.lang.Class.newInstance(Class.java:677)
at org.openqa.selenium.support.PageFactory.instantiatePage(PageFactory.java:131)
at org.openqa.selenium.support.PageFactory.initElements(PageFactory.java:64)
at com.objectRepo.SearchProductPage.<init>(SearchProductPage.java:21)
at java.base/jdk.internal.reflect.DirectConstructorHandleAccessor.newInstance(DirectConstructorHandleAccessor.java:67)
at java.base/java.lang.reflect.Constructor.newInstanceWithCaller(Constructor.java:499)
at java.base/java.lang.reflect.ReflectAccess.newInstance(ReflectAccess.java:128)
at java.base/jdk.internal.reflect.ReflectionFactory.newInstance(ReflectionFactory.java:341)
at java.base/java.lang.Class.newInstance(Class.java:677)
at org.openqa.selenium.support.PageFactory.instantiatePage(PageFactory.java:131)
at org.openqa.selenium.support.PageFactory.initElements(PageFactory.java:64)
at com.objectRepo.SearchProductPage.<init>(SearchProductPage.java:21)
at java.base/jdk.internal.reflect.DirectConstructorHandleAccessor.newInstance(DirectConstructorHandleAccessor.java:67)
at java.base/java.lang.reflect.Constructor.newInstanceWithCaller(Constructor.java:499)
at java.base/java.lang.reflect.ReflectAccess.newInstance(ReflectAccess.java:128)
at java.base/jdk.internal.reflect.ReflectionFactory.newInstance(ReflectionFactory.java:341)
at java.base/java.lang.Class.newInstance(Class.java:677)
at org.openqa.selenium.support.PageFactory.instantiatePage(PageFactory.java:131)
at org.openqa.selenium.support.PageFactory.initElements(PageFactory.java:64)
at com.objectRepo.SearchProductPage.<init>(SearchProductPage.java:21)
at java.base/jdk.internal.reflect.DirectConstructorHandleAccessor.newInstance(DirectConstructorHandleAccessor.java:67)
at java.base/java.lang.reflect.Constructor.newInstanceWithCaller(Constructor.java:499)
at java.base/java.lang.reflect.ReflectAccess.newInstance(ReflectAccess.java:128)
at java.base/jdk.internal.reflect.ReflectionFactory.newInstance(ReflectionFactory.java:341)
at java.base/java.lang.Class.newInstance(Class.java:677)
at org.openqa.selenium.support.PageFactory.instantiatePage(PageFactory.java:131)
at org.openqa.selenium.support.PageFactory.initElements(PageFactory.java:64)
at com.objectRepo.SearchProductPage.<init>(SearchProductPage.java:21)
at java.base/jdk.internal.reflect.DirectConstructorHandleAccessor.newInstance(DirectConstructorHandleAccessor.java:67)
at java.base/java.lang.reflect.Constructor.newInstanceWithCaller(Constructor.java:499)
at java.base/java.lang.reflect.ReflectAccess.newInstance(ReflectAccess.java:128)
at java.base/jdk.internal.reflect.ReflectionFactory.newInstance(ReflectionFactory.java:341)
at java.base/java.lang.Class.newInstance(Class.java:677)
at org.openqa.selenium.support.PageFactory.instantiatePage(PageFactory.java:131)
at org.openqa.selenium.support.PageFactory.initElements(PageFactory.java:64)
at com.objectRepo.SearchProductPage.<init>(SearchProductPage.java:21)
at java.base/jdk.internal.reflect.DirectConstructorHandleAccessor.newInstance(DirectConstructorHandleAccessor.java:67)
at java.base/java.lang.reflect.Constructor.newInstanceWithCaller(Constructor.java:499)
at java.base/java.lang.reflect.ReflectAccess.newInstance(ReflectAccess.java:128)
at java.base/jdk.internal.reflect.ReflectionFactory.newInstance(ReflectionFactory.java:341)
at java.base/java.lang.Class.newInstance(Class.java:677)
at org.openqa.selenium.support.PageFactory.instantiatePage(PageFactory.java:131)
at org.openqa.selenium.support.PageFactory.initElements(PageFactory.java:64)
at com.objectRepo.SearchProductPage.<init>(SearchProductPage.java:21)
at java.base/jdk.internal.reflect.DirectConstructorHandleAccessor.newInstance(DirectConstructorHandleAccessor.java:67)
at java.base/java.lang.reflect.Constructor.newInstanceWithCaller(Constructor.java:499)
at java.base/java.lang.reflect.ReflectAccess.newInstance(ReflectAccess.java:128)
at java.base/jdk.internal.reflect.ReflectionFactory.newInstance(ReflectionFactory.java:341)
at java.base/java.lang.Class.newInstance(Class.java:677)
at org.openqa.selenium.support.PageFactory.instantiatePage(PageFactory.java:131)
at org.openqa.selenium.support.PageFactory.initElements(PageFactory.java:64)
at com.objectRepo.SearchProductPage.<init>(SearchProductPage.java:21)
at java.base/jdk.internal.reflect.DirectConstructorHandleAccessor.newInstance(DirectConstructorHandleAccessor.java:67)
at java.base/java.lang.reflect.Constructor.newInstanceWithCaller(Constructor.java:499)
at java.base/java.lang.reflect.ReflectAccess.newInstance(ReflectAccess.java:128)
at java.base/jdk.internal.reflect.ReflectionFactory.newInstance(ReflectionFactory.java:341)
at java.base/java.lang.Class.newInstance(Class.java:677)
at org.openqa.selenium.support.PageFactory.instantiatePage(PageFactory.java:131)
at org.openqa.selenium.support.PageFactory.initElements(PageFactory.java:64)
at com.objectRepo.SearchProductPage.<init>(SearchProductPage.java:21)
at java.base/jdk.internal.reflect.DirectConstructorHandleAccessor.newInstance(DirectConstructorHandleAccessor.java:67)
at java.base/java.lang.reflect.Constructor.newInstanceWithCaller(Constructor.java:499)
at java.base/java.lang.reflect.ReflectAccess.newInstance(ReflectAccess.java:128)
at java.base/jdk.internal.reflect.ReflectionFactory.newInstance(ReflectionFactory.java:341)
at java.base/java.lang.Class.newInstance(Class.java:677)
at org.openqa.selenium.support.PageFactory.instantiatePage(PageFactory.java:131)
at org.openqa.selenium.support.PageFactory.initElements(PageFactory.java:64)
at com.objectRepo.SearchProductPage.<init>(SearchProductPage.java:21)
at java.base/jdk.internal.reflect.DirectConstructorHandleAccessor.newInstance(DirectConstructorHandleAccessor.java:67)
at java.base/java.lang.reflect.Constructor.newInstanceWithCaller(Constructor.java:499)
at java.base/java.lang.reflect.ReflectAccess.newInstance(ReflectAccess.java:128)
at java.base/jdk.internal.reflect.ReflectionFactory.newInstance(ReflectionFactory.java:341)
at java.base/java.lang.Class.newInstance(Class.java:677)
at org.openqa.selenium.support.PageFactory.instantiatePage(PageFactory.java:131)
at org.openqa.selenium.support.PageFactory.initElements(PageFactory.java:64)
at com.objectRepo.SearchProductPage.<init>(SearchProductPage.java:21)
at java.base/jdk.internal.reflect.DirectConstructorHandleAccessor.newInstance(DirectConstructorHandleAccessor.java:67)
at java.base/java.lang.reflect.Constructor.newInstanceWithCaller(Constructor.java:499)
at java.base/java.lang.reflect.ReflectAccess.newInstance(ReflectAccess.java:128)
at java.base/jdk.internal.reflect.ReflectionFactory.newInstance(ReflectionFactory.java:341)
at java.base/java.lang.Class.newInstance(Class.java:677)
at org.openqa.selenium.support.PageFactory.instantiatePage(PageFactory.java:131)
at org.openqa.selenium.support.PageFactory.initElements(PageFactory.java:64)
at com.objectRepo.SearchProductPage.<init>(SearchProductPage.java:21)
at java.base/jdk.internal.reflect.DirectConstructorHandleAccessor.newInstance(DirectConstructorHandleAccessor.java:67)
at java.base/java.lang.reflect.Constructor.newInstanceWithCaller(Constructor.java:499)
at java.base/java.lang.reflect.ReflectAccess.newInstance(ReflectAccess.java:128)
at java.base/jdk.internal.reflect.ReflectionFactory.newInstance(ReflectionFactory.java:341)
at java.base/java.lang.Class.newInstance(Class.java:677)
at org.openqa.selenium.support.PageFactory.instantiatePage(PageFactory.java:131)
at org.openqa.selenium.support.PageFactory.initElements(PageFactory.java:64)
at com.objectRepo.SearchProductPage.<init>(SearchProductPage.java:21)
at java.base/jdk.internal.reflect.DirectConstructorHandleAccessor.newInstance(DirectConstructorHandleAccessor.java:67)
at java.base/java.lang.reflect.Constructor.newInstanceWithCaller(Constructor.java:499)
at java.base/java.lang.reflect.ReflectAccess.newInstance(ReflectAccess.java:128)
at java.base/jdk.internal.reflect.ReflectionFactory.newInstance(ReflectionFactory.java:341)
at java.base/java.lang.Class.newInstance(Class.java:677)
at org.openqa.selenium.support.PageFactory.instantiatePage(PageFactory.java:131)
at org.openqa.selenium.support.PageFactory.initElements(PageFactory.java:64)
at com.objectRepo.SearchProductPage.<init>(SearchProductPage.java:21)
at java.base/jdk.internal.reflect.DirectConstructorHandleAccessor.newInstance(DirectConstructorHandleAccessor.java:67)
at java.base/java.lang.reflect.Constructor.newInstanceWithCaller(Constructor.java:499)
at java.base/java.lang.reflect.ReflectAccess.newInstance(ReflectAccess.java:128)
at java.base/jdk.internal.reflect.ReflectionFactory.newInstance(ReflectionFactory.java:341)
at java.base/java.lang.Class.newInstance(Class.java:677)
at org.openqa.selenium.support.PageFactory.instantiatePage(PageFactory.java:131)
at org.openqa.selenium.support.PageFactory.initElements(PageFactory.java:64)
at com.objectRepo.SearchProductPage.<init>(SearchProductPage.java:21)
at java.base/jdk.internal.reflect.DirectConstructorHandleAccessor.newInstance(DirectConstructorHandleAccessor.java:67)
at java.base/java.lang.reflect.Constructor.newInstanceWithCaller(Constructor.java:499)
at java.base/java.lang.reflect.ReflectAccess.newInstance(ReflectAccess.java:128)
at java.base/jdk.internal.reflect.ReflectionFactory.newInstance(ReflectionFactory.java:341)
at java.base/java.lang.Class.newInstance(Class.java:677)
at org.openqa.selenium.support.PageFactory.instantiatePage(PageFactory.java:131)
at org.openqa.selenium.support.PageFactory.initElements(PageFactory.java:64)
at com.objectRepo.SearchProductPage.<init>(SearchProductPage.java:21)
at java.base/jdk.internal.reflect.DirectConstructorHandleAccessor.newInstance(DirectConstructorHandleAccessor.java:67)
at java.base/java.lang.reflect.Constructor.newInstanceWithCaller(Constructor.java:499)
at java.base/java.lang.reflect.ReflectAccess.newInstance(ReflectAccess.java:128)
at java.base/jdk.internal.reflect.ReflectionFactory.newInstance(ReflectionFactory.java:341)
at java.base/java.lang.Class.newInstance(Class.java:677)
at org.openqa.selenium.support.PageFactory.instantiatePage(PageFactory.java:131)
at org.openqa.selenium.support.PageFactory.initElements(PageFactory.java:64)
at com.objectRepo.SearchProductPage.<init>(SearchProductPage.java:21)
at java.base/jdk.internal.reflect.DirectConstructorHandleAccessor.newInstance(DirectConstructorHandleAccessor.java:67)
at java.base/java.lang.reflect.Constructor.newInstanceWithCaller(Constructor.java:499)
at java.base/java.lang.reflect.ReflectAccess.newInstance(ReflectAccess.java:128)
at java.base/jdk.internal.reflect.ReflectionFactory.newInstance(ReflectionFactory.java:341)
at java.base/java.lang.Class.newInstance(Class.java:677)
at org.openqa.selenium.support.PageFactory.instantiatePage(PageFactory.java:131)
at org.openqa.selenium.support.PageFactory.initElements(PageFactory.java:64)
at com.objectRepo.SearchProductPage.<init>(SearchProductPage.java:21)
at java.base/jdk.internal.reflect.DirectConstructorHandleAccessor.newInstance(DirectConstructorHandleAccessor.java:67)
at java.base/java.lang.reflect.Constructor.newInstanceWithCaller(Constructor.java:499)
at java.base/java.lang.reflect.ReflectAccess.newInstance(ReflectAccess.java:128)
at java.base/jdk.internal.reflect.ReflectionFactory.newInstance(ReflectionFactory.java:341)
at java.base/java.lang.Class.newInstance(Class.java:677)
at org.openqa.selenium.support.PageFactory.instantiatePage(PageFactory.java:131)
at org.openqa.selenium.support.PageFactory.initElements(PageFactory.java:64)
at com.objectRepo.SearchProductPage.<init>(SearchProductPage.java:21)
at java.base/jdk.internal.reflect.DirectConstructorHandleAccessor.newInstance(DirectConstructorHandleAccessor.java:67)
at java.base/java.lang.reflect.Constructor.newInstanceWithCaller(Constructor.java:499)
at java.base/java.lang.reflect.ReflectAccess.newInstance(ReflectAccess.java:128)
at java.base/jdk.internal.reflect.ReflectionFactory.newInstance(ReflectionFactory.java:341)
at java.base/java.lang.Class.newInstance(Class.java:677)
at org.openqa.selenium.support.PageFactory.instantiatePage(PageFactory.java:131)
at org.openqa.selenium.support.PageFactory.initElements(PageFactory.java:64)
at com.objectRepo.SearchProductPage.<init>(SearchProductPage.java:21)
at java.base/jdk.internal.reflect.DirectConstructorHandleAccessor.newInstance(DirectConstructorHandleAccessor.java:67)
at java.base/java.lang.reflect.Constructor.newInstanceWithCaller(Constructor.java:499)
at java.base/java.lang.reflect.ReflectAccess.newInstance(ReflectAccess.java:128)
at java.base/jdk.internal.reflect.ReflectionFactory.newInstance(ReflectionFactory.java:341)
at java.base/java.lang.Class.newInstance(Class.java:677)
at org.openqa.selenium.support.PageFactory.instantiatePage(PageFactory.java:131)
at org.openqa.selenium.support.PageFactory.initElements(PageFactory.java:64)
at com.objectRepo.SearchProductPage.<init>(SearchProductPage.java:21)
at java.base/jdk.internal.reflect.DirectConstructorHandleAccessor.newInstance(DirectConstructorHandleAccessor.java:67)
at java.base/java.lang.reflect.Constructor.newInstanceWithCaller(Constructor.java:499)
at java.base/java.lang.reflect.ReflectAccess.newInstance(ReflectAccess.java:128)
at java.base/jdk.internal.reflect.ReflectionFactory.newInstance(ReflectionFactory.java:341)
at java.base/java.lang.Class.newInstance(Class.java:677)
at org.openqa.selenium.support.PageFactory.instantiatePage(PageFactory.java:131)
at org.openqa.selenium.support.PageFactory.initElements(PageFactory.java:64)
at com.objectRepo.SearchProductPage.<init>(SearchProductPage.java:21)
at java.base/jdk.internal.reflect.DirectConstructorHandleAccessor.newInstance(DirectConstructorHandleAccessor.java:67)
at java.base/java.lang.reflect.Constructor.newInstanceWithCaller(Constructor.java:499)
at java.base/java.lang.reflect.ReflectAccess.newInstance(ReflectAccess.java:128)
at java.base/jdk.internal.reflect.ReflectionFactory.newInstance(ReflectionFactory.java:341)
at java.base/java.lang.Class.newInstance(Class.java:677)
at org.openqa.selenium.support.PageFactory.instantiatePage(PageFactory.java:131)
at org.openqa.selenium.support.PageFactory.initElements(PageFactory.java:64)
at com.objectRepo.SearchProductPage.<init>(SearchProductPage.java:21)
at java.base/jdk.internal.reflect.DirectConstructorHandleAccessor.newInstance(DirectConstructorHandleAccessor.java:67)
at java.base/java.lang.reflect.Constructor.newInstanceWithCaller(Constructor.java:499)
at java.base/java.lang.reflect.ReflectAccess.newInstance(ReflectAccess.java:128)
at java.base/jdk.internal.reflect.ReflectionFactory.newInstance(ReflectionFactory.java:341)
at java.base/java.lang.Class.newInstance(Class.java:677)
at org.openqa.selenium.support.PageFactory.instantiatePage(PageFactory.java:131)
at org.openqa.selenium.support.PageFactory.initElements(PageFactory.java:64)
at com.objectRepo.SearchProductPage.<init>(SearchProductPage.java:21)
at java.base/jdk.internal.reflect.DirectConstructorHandleAccessor.newInstance(DirectConstructorHandleAccessor.java:67)
at java.base/java.lang.reflect.Constructor.newInstanceWithCaller(Constructor.java:499)
at java.base/java.lang.reflect.ReflectAccess.newInstance(ReflectAccess.java:128)
at java.base/jdk.internal.reflect.ReflectionFactory.newInstance(ReflectionFactory.java:341)
at java.base/java.lang.Class.newInstance(Class.java:677)
at org.openqa.selenium.support.PageFactory.instantiatePage(PageFactory.java:131)
at org.openqa.selenium.support.PageFactory.initElements(PageFactory.java:64)
at com.objectRepo.SearchProductPage.<init>(SearchProductPage.java:21)
at java.base/jdk.internal.reflect.DirectConstructorHandleAccessor.newInstance(DirectConstructorHandleAccessor.java:67)
at java.base/java.lang.reflect.Constructor.newInstanceWithCaller(Constructor.java:499)
at java.base/java.lang.reflect.ReflectAccess.newInstance(ReflectAccess.java:128)
at java.base/jdk.internal.reflect.ReflectionFactory.newInstance(ReflectionFactory.java:341)
at java.base/java.lang.Class.newInstance(Class.java:677)
at org.openqa.selenium.support.PageFactory.instantiatePage(PageFactory.java:131)
at org.openqa.selenium.support.PageFactory.initElements(PageFactory.java:64)
at com.objectRepo.SearchProductPage.<init>(SearchProductPage.java:21)
at java.base/jdk.internal.reflect.DirectConstructorHandleAccessor.newInstance(DirectConstructorHandleAccessor.java:67)
at java.base/java.lang.reflect.Constructor.newInstanceWithCaller(Constructor.java:499)
at java.base/java.lang.reflect.ReflectAccess.newInstance(ReflectAccess.java:128)
at java.base/jdk.internal.reflect.ReflectionFactory.newInstance(ReflectionFactory.java:341)
at java.base/java.lang.Class.newInstance(Class.java:677)
at org.openqa.selenium.support.PageFactory.instantiatePage(PageFactory.java:131)
at org.openqa.selenium.support.PageFactory.initElements(PageFactory.java:64)
at com.objectRepo.SearchProductPage.<init>(SearchProductPage.java:21)
at java.base/jdk.internal.reflect.DirectConstructorHandleAccessor.newInstance(DirectConstructorHandleAccessor.java:67)
at java.base/java.lang.reflect.Constructor.newInstanceWithCaller(Constructor.java:499)
at java.base/java.lang.reflect.ReflectAccess.newInstance(ReflectAccess.java:128)
at java.base/jdk.internal.reflect.ReflectionFactory.newInstance(ReflectionFactory.java:341)
at java.base/java.lang.Class.newInstance(Class.java:677)
at org.openqa.selenium.support.PageFactory.instantiatePage(PageFactory.java:131)
at org.openqa.selenium.support.PageFactory.initElements(PageFactory.java:64)
at com.objectRepo.SearchProductPage.<init>(SearchProductPage.java:21)
at java.base/jdk.internal.reflect.DirectConstructorHandleAccessor.newInstance(DirectConstructorHandleAccessor.java:67)
at java.base/java.lang.reflect.Constructor.newInstanceWithCaller(Constructor.java:499)
at java.base/java.lang.reflect.ReflectAccess.newInstance(ReflectAccess.java:128)
at java.base/jdk.internal.reflect.ReflectionFactory.newInstance(ReflectionFactory.java:341)
at java.base/java.lang.Class.newInstance(Class.java:677)
at org.openqa.selenium.support.PageFactory.instantiatePage(PageFactory.java:131)
at org.openqa.selenium.support.PageFactory.initElements(PageFactory.java:64)
at com.objectRepo.SearchProductPage.<init>(SearchProductPage.java:21)
at java.base/jdk.internal.reflect.DirectConstructorHandleAccessor.newInstance(DirectConstructorHandleAccessor.java:67)
at java.base/java.lang.reflect.Constructor.newInstanceWithCaller(Constructor.java:499)
at java.base/java.lang.reflect.ReflectAccess.newInstance(ReflectAccess.java:128)
at java.base/jdk.internal.reflect.ReflectionFactory.newInstance(ReflectionFactory.java:341)
at java.base/java.lang.Class.newInstance(Class.java:677)
at org.openqa.selenium.support.PageFactory.instantiatePage(PageFactory.java:131)
at org.openqa.selenium.support.PageFactory.initElements(PageFactory.java:64)
at com.objectRepo.SearchProductPage.<init>(SearchProductPage.java:21)
at java.base/jdk.internal.reflect.DirectConstructorHandleAccessor.newInstance(DirectConstructorHandleAccessor.java:67)
at java.base/java.lang.reflect.Constructor.newInstanceWithCaller(Constructor.java:499)
at java.base/java.lang.reflect.ReflectAccess.newInstance(ReflectAccess.java:128)
at java.base/jdk.internal.reflect.ReflectionFactory.newInstance(ReflectionFactory.java:341)
at java.base/java.lang.Class.newInstance(Class.java:677)
at org.openqa.selenium.support.PageFactory.instantiatePage(PageFactory.java:131)
at org.openqa.selenium.support.PageFactory.initElements(PageFactory.java:64)
at com.objectRepo.SearchProductPage.<init>(SearchProductPage.java:21)
at java.base/jdk.internal.reflect.DirectConstructorHandleAccessor.newInstance(DirectConstructorHandleAccessor.java:67)
at java.base/java.lang.reflect.Constructor.newInstanceWithCaller(Constructor.java:499)
at java.base/java.lang.reflect.ReflectAccess.newInstance(ReflectAccess.java:128)
at java.base/jdk.internal.reflect.ReflectionFactory.newInstance(ReflectionFactory.java:341)
at java.base/java.lang.Class.newInstance(Class.java:677)
at org.openqa.selenium.support.PageFactory.instantiatePage(PageFactory.java:131)
at org.openqa.selenium.support.PageFactory.initElements(PageFactory.java:64)
at com.objectRepo.SearchProductPage.<init>(SearchProductPage.java:21)
at java.base/jdk.internal.reflect.DirectConstructorHandleAccessor.newInstance(DirectConstructorHandleAccessor.java:67)
at java.base/java.lang.reflect.Constructor.newInstanceWithCaller(Constructor.java:499)
at java.base/java.lang.reflect.ReflectAccess.newInstance(ReflectAccess.java:128)
at java.base/jdk.internal.reflect.ReflectionFactory.newInstance(ReflectionFactory.java:341)
at java.base/java.lang.Class.newInstance(Class.java:677)
at org.openqa.selenium.support.PageFactory.instantiatePage(PageFactory.java:131)
at org.openqa.selenium.support.PageFactory.initElements(PageFactory.java:64)
at com.objectRepo.SearchProductPage.<init>(SearchProductPage.java:21)
at java.base/jdk.internal.reflect.DirectConstructorHandleAccessor.newInstance(DirectConstructorHandleAccessor.java:67)
at java.base/java.lang.reflect.Constructor.newInstanceWithCaller(Constructor.java:499)
at java.base/java.lang.reflect.ReflectAccess.newInstance(ReflectAccess.java:128)
at java.base/jdk.internal.reflect.ReflectionFactory.newInstance(ReflectionFactory.java:341)
at java.base/java.lang.Class.newInstance(Class.java:677)
at org.openqa.selenium.support.PageFactory.instantiatePage(PageFactory.java:131)
at org.openqa.selenium.support.PageFactory.initElements(PageFactory.java:64)
at com.objectRepo.SearchProductPage.<init>(SearchProductPage.java:21)
at java.base/jdk.internal.reflect.DirectConstructorHandleAccessor.newInstance(DirectConstructorHandleAccessor.java:67)
at java.base/java.lang.reflect.Constructor.newInstanceWithCaller(Constructor.java:499)
at java.base/java.lang.reflect.ReflectAccess.newInstance(ReflectAccess.java:128)
at java.base/jdk.internal.reflect.ReflectionFactory.newInstance(ReflectionFactory.java:341)
at java.base/java.lang.Class.newInstance(Class.java:677)
at org.openqa.selenium.support.PageFactory.instantiatePage(PageFactory.java:131)
at org.openqa.selenium.support.PageFactory.initElements(PageFactory.java:64)
at com.objectRepo.SearchProductPage.<init>(SearchProductPage.java:21)
at java.base/jdk.internal.reflect.DirectConstructorHandleAccessor.newInstance(DirectConstructorHandleAccessor.java:67)
at java.base/java.lang.reflect.Constructor.newInstanceWithCaller(Constructor.java:499)
at java.base/java.lang.reflect.ReflectAccess.newInstance(ReflectAccess.java:128)
at java.base/jdk.internal.reflect.ReflectionFactory.newInstance(ReflectionFactory.java:341)
at java.base/java.lang.Class.newInstance(Class.java:677)
at org.openqa.selenium.support.PageFactory.instantiatePage(PageFactory.java:131)
at org.openqa.selenium.support.PageFactory.initElements(PageFactory.java:64)
at com.objectRepo.SearchProductPage.<init>(SearchProductPage.java:21)
at java.base/jdk.internal.reflect.DirectConstructorHandleAccessor.newInstance(DirectConstructorHandleAccessor.java:67)
at java.base/java.lang.reflect.Constructor.newInstanceWithCaller(Constructor.java:499)
at java.base/java.lang.reflect.ReflectAccess.newInstance(ReflectAccess.java:128)
at java.base/jdk.internal.reflect.ReflectionFactory.newInstance(ReflectionFactory.java:341)
at java.base/java.lang.Class.newInstance(Class.java:677)
at org.openqa.selenium.support.PageFactory.instantiatePage(PageFactory.java:131)
at org.openqa.selenium.support.PageFactory.initElements(PageFactory.java:64)
at com.objectRepo.SearchProductPage.<init>(SearchProductPage.java:21)
at java.base/jdk.internal.reflect.DirectConstructorHandleAccessor.newInstance(DirectConstructorHandleAccessor.java:67)
at java.base/java.lang.reflect.Constructor.newInstanceWithCaller(Constructor.java:499)
at java.base/java.lang.reflect.ReflectAccess.newInstance(ReflectAccess.java:128)
at java.base/jdk.internal.reflect.ReflectionFactory.newInstance(ReflectionFactory.java:341)
at java.base/java.lang.Class.newInstance(Class.java:677)
at org.openqa.selenium.support.PageFactory.instantiatePage(PageFactory.java:131)
at org.openqa.selenium.support.PageFactory.initElements(PageFactory.java:64)
at com.objectRepo.SearchProductPage.<init>(SearchProductPage.java:21)
at java.base/jdk.internal.reflect.DirectConstructorHandleAccessor.newInstance(DirectConstructorHandleAccessor.java:67)
at java.base/java.lang.reflect.Constructor.newInstanceWithCaller(Constructor.java:499)
at java.base/java.lang.reflect.ReflectAccess.newInstance(ReflectAccess.java:128)
at java.base/jdk.internal.reflect.ReflectionFactory.newInstance(ReflectionFactory.java:341)
at java.base/java.lang.Class.newInstance(Class.java:677)
at org.openqa.selenium.support.PageFactory.instantiatePage(PageFactory.java:131)
at org.openqa.selenium.support.PageFactory.initElements(PageFactory.java:64)
at com.objectRepo.SearchProductPage.<init>(SearchProductPage.java:21)
at java.base/jdk.internal.reflect.DirectConstructorHandleAccessor.newInstance(DirectConstructorHandleAccessor.java:67)
at java.base/java.lang.reflect.Constructor.newInstanceWithCaller(Constructor.java:499)
at java.base/java.lang.reflect.ReflectAccess.newInstance(ReflectAccess.java:128)
at java.base/jdk.internal.reflect.ReflectionFactory.newInstance(ReflectionFactory.java:341)
at java.base/java.lang.Class.newInstance(Class.java:677)
at org.openqa.selenium.support.PageFactory.instantiatePage(PageFactory.java:131)
at org.openqa.selenium.support.PageFactory.initElements(PageFactory.java:64)
at com.objectRepo.SearchProductPage.<init>(SearchProductPage.java:21)
at java.base/jdk.internal.reflect.DirectConstructorHandleAccessor.newInstance(DirectConstructorHandleAccessor.java:67)
at java.base/java.lang.reflect.Constructor.newInstanceWithCaller(Constructor.java:499)
at java.base/java.lang.reflect.ReflectAccess.newInstance(ReflectAccess.java:128)
at java.base/jdk.internal.reflect.ReflectionFactory.newInstance(ReflectionFactory.java:341)
at java.base/java.lang.Class.newInstance(Class.java:677)
at org.openqa.selenium.support.PageFactory.instantiatePage(PageFactory.java:131)
at org.openqa.selenium.support.PageFactory.initElements(PageFactory.java:64)
at com.objectRepo.SearchProductPage.<init>(SearchProductPage.java:21)
at java.base/jdk.internal.reflect.DirectConstructorHandleAccessor.newInstance(DirectConstructorHandleAccessor.java:67)
at java.base/java.lang.reflect.Constructor.newInstanceWithCaller(Constructor.java:499)
at java.base/java.lang.reflect.ReflectAccess.newInstance(ReflectAccess.java:128)
at java.base/jdk.internal.reflect.ReflectionFactory.newInstance(ReflectionFactory.java:341)
at java.base/java.lang.Class.newInstance(Class.java:677)
at org.openqa.selenium.support.PageFactory.instantiatePage(PageFactory.java:131)
at org.openqa.selenium.support.PageFactory.initElements(PageFactory.java:64)
at com.objectRepo.SearchProductPage.<init>(SearchProductPage.java:21)
at java.base/jdk.internal.reflect.DirectConstructorHandleAccessor.newInstance(DirectConstructorHandleAccessor.java:67)
at java.base/java.lang.reflect.Constructor.newInstanceWithCaller(Constructor.java:499)
at java.base/java.lang.reflect.ReflectAccess.newInstance(ReflectAccess.java:128)
at java.base/jdk.internal.reflect.ReflectionFactory.newInstance(ReflectionFactory.java:341)
at java.base/java.lang.Class.newInstance(Class.java:677)
at org.openqa.selenium.support.PageFactory.instantiatePage(PageFactory.java:131)
at org.openqa.selenium.support.PageFactory.initElements(PageFactory.java:64)
at com.objectRepo.SearchProductPage.<init>(SearchProductPage.java:21)
at java.base/jdk.internal.reflect.DirectConstructorHandleAccessor.newInstance(DirectConstructorHandleAccessor.java:67)
at java.base/java.lang.reflect.Constructor.newInstanceWithCaller(Constructor.java:499)
at java.base/java.lang.reflect.ReflectAccess.newInstance(ReflectAccess.java:128)
at java.base/jdk.internal.reflect.ReflectionFactory.newInstance(ReflectionFactory.java:341)
at java.base/java.lang.Class.newInstance(Class.java:677)
at org.openqa.selenium.support.PageFactory.instantiatePage(PageFactory.java:131)
at org.openqa.selenium.support.PageFactory.initElements(PageFactory.java:64)
at com.objectRepo.SearchProductPage.<init>(SearchProductPage.java:21)
at java.base/jdk.internal.reflect.DirectConstructorHandleAccessor.newInstance(DirectConstructorHandleAccessor.java:67)
at java.base/java.lang.reflect.Constructor.newInstanceWithCaller(Constructor.java:499)
at java.base/java.lang.reflect.ReflectAccess.newInstance(ReflectAccess.java:128)
at java.base/jdk.internal.reflect.ReflectionFactory.newInstance(ReflectionFactory.java:341)
at java.base/java.lang.Class.newInstance(Class.java:677)
at org.openqa.selenium.support.PageFactory.instantiatePage(PageFactory.java:131)
at org.openqa.selenium.support.PageFactory.initElements(PageFactory.java:64)
at com.objectRepo.SearchProductPage.<init>(SearchProductPage.java:21)
at java.base/jdk.internal.reflect.DirectConstructorHandleAccessor.newInstance(DirectConstructorHandleAccessor.java:67)
at java.base/java.lang.reflect.Constructor.newInstanceWithCaller(Constructor.java:499)
at java.base/java.lang.reflect.ReflectAccess.newInstance(ReflectAccess.java:128)
at java.base/jdk.internal.reflect.ReflectionFactory.newInstance(ReflectionFactory.java:341)
at java.base/java.lang.Class.newInstance(Class.java:677)
at org.openqa.selenium.support.PageFactory.instantiatePage(PageFactory.java:131)
at org.openqa.selenium.support.PageFactory.initElements(PageFactory.java:64)
at com.objectRepo.SearchProductPage.<init>(SearchProductPage.java:21)
at java.base/jdk.internal.reflect.DirectConstructorHandleAccessor.newInstance(DirectConstructorHandleAccessor.java:67)
at java.base/java.lang.reflect.Constructor.newInstanceWithCaller(Constructor.java:499)
at java.base/java.lang.reflect.ReflectAccess.newInstance(ReflectAccess.java:128)
at java.base/jdk.internal.reflect.ReflectionFactory.newInstance(ReflectionFactory.java:341)
at java.base/java.lang.Class.newInstance(Class.java:677)
at org.openqa.selenium.support.PageFactory.instantiatePage(PageFactory.java:131)
at org.openqa.selenium.support.PageFactory.initElements(PageFactory.java:64)
at com.objectRepo.SearchProductPage.<init>(SearchProductPage.java:21)
at java.base/jdk.internal.reflect.DirectConstructorHandleAccessor.newInstance(DirectConstructorHandleAccessor.java:67)
at java.base/java.lang.reflect.Constructor.newInstanceWithCaller(Constructor.java:499)
at java.base/java.lang.reflect.ReflectAccess.newInstance(ReflectAccess.java:128)
at java.base/jdk.internal.reflect.ReflectionFactory.newInstance(ReflectionFactory.java:341)
at java.base/java.lang.Class.newInstance(Class.java:677)
at org.openqa.selenium.support.PageFactory.instantiatePage(PageFactory.java:131)
at org.openqa.selenium.support.PageFactory.initElements(PageFactory.java:64)
at com.objectRepo.SearchProductPage.<init>(SearchProductPage.java:21)
at java.base/jdk.internal.reflect.DirectConstructorHandleAccessor.newInstance(DirectConstructorHandleAccessor.java:67)
at java.base/java.lang.reflect.Constructor.newInstanceWithCaller(Constructor.java:499)
at java.base/java.lang.reflect.ReflectAccess.newInstance(ReflectAccess.java:128)
at java.base/jdk.internal.reflect.ReflectionFactory.newInstance(ReflectionFactory.java:341)
at java.base/java.lang.Class.newInstance(Class.java:677)
at org.openqa.selenium.support.PageFactory.instantiatePage(PageFactory.java:131)
at org.openqa.selenium.support.PageFactory.initElements(PageFactory.java:64)
at com.objectRepo.SearchProductPage.<init>(SearchProductPage.java:21)
at java.base/jdk.internal.reflect.DirectConstructorHandleAccessor.newInstance(DirectConstructorHandleAccessor.java:67)
at java.base/java.lang.reflect.Constructor.newInstanceWithCaller(Constructor.java:499)
at java.base/java.lang.reflect.ReflectAccess.newInstance(ReflectAccess.java:128)
at java.base/jdk.internal.reflect.ReflectionFactory.newInstance(ReflectionFactory.java:341)
at java.base/java.lang.Class.newInstance(Class.java:677)
at org.openqa.selenium.support.PageFactory.instantiatePage(PageFactory.java:131)
at org.openqa.selenium.support.PageFactory.initElements(PageFactory.java:64)
at com.objectRepo.SearchProductPage.<init>(SearchProductPage.java:21)
at java.base/jdk.internal.reflect.DirectConstructorHandleAccessor.newInstance(DirectConstructorHandleAccessor.java:67)
at java.base/java.lang.reflect.Constructor.newInstanceWithCaller(Constructor.java:499)
at java.base/java.lang.reflect.ReflectAccess.newInstance(ReflectAccess.java:128)
at java.base/jdk.internal.reflect.ReflectionFactory.newInstance(ReflectionFactory.java:341)
at java.base/java.lang.Class.newInstance(Class.java:677)
at org.openqa.selenium.support.PageFactory.instantiatePage(PageFactory.java:131)
at org.openqa.selenium.support.PageFactory.initElements(PageFactory.java:64)
at com.objectRepo.SearchProductPage.<init>(SearchProductPage.java:21)
at java.base/jdk.internal.reflect.DirectConstructorHandleAccessor.newInstance(DirectConstructorHandleAccessor.java:67)
at java.base/java.lang.reflect.Constructor.newInstanceWithCaller(Constructor.java:499)
at java.base/java.lang.reflect.ReflectAccess.newInstance(ReflectAccess.java:128)
at java.base/jdk.internal.reflect.ReflectionFactory.newInstance(ReflectionFactory.java:341)
at java.base/java.lang.Class.newInstance(Class.java:677)
at org.openqa.selenium.support.PageFactory.instantiatePage(PageFactory.java:131)
at org.openqa.selenium.support.PageFactory.initElements(PageFactory.java:64)
]]>
    </failure>
  </testcase> <!-- searchProduct -->
</testsuite> <!-- Default test -->
