<?xml version="1.0" encoding="UTF-8"?>
<testng-results ignored="0" total="1" passed="1" failed="0" skipped="0">
  <reporter-output>
  </reporter-output>
  <suite started-at="2022-07-25T15:39:58 IST" name="Default suite" finished-at="2022-07-25T15:52:30 IST" duration-ms="751497">
    <groups>
    </groups>
    <test started-at="2022-07-25T15:39:58 IST" name="Default test" finished-at="2022-07-25T15:52:30 IST" duration-ms="751497">
      <class name="Sample.MobileWishList">
        <test-method is-config="true" signature="setUp()[pri:0, instance:Sample.MobileWishList@2f217633]" started-at="2022-07-25T15:39:58 IST" name="setUp" finished-at="2022-07-25T15:40:09 IST" duration-ms="10505" status="PASS">
          <reporter-output>
          </reporter-output>
        </test-method> <!-- setUp -->
        <test-method is-config="true" signature="beforeMethod()[pri:0, instance:Sample.MobileWishList@2f217633]" started-at="2022-07-25T15:40:09 IST" name="beforeMethod" finished-at="2022-07-25T15:40:09 IST" duration-ms="0" status="PASS">
          <reporter-output>
          </reporter-output>
        </test-method> <!-- beforeMethod -->
        <test-method signature="wishlist()[pri:0, instance:Sample.MobileWishList@2f217633]" started-at="2022-07-25T15:40:09 IST" name="wishlist" finished-at="2022-07-25T15:52:29 IST" duration-ms="740386" status="PASS">
          <reporter-output>
          </reporter-output>
        </test-method> <!-- wishlist -->
        <test-method is-config="true" signature="afterMethod()[pri:0, instance:Sample.MobileWishList@2f217633]" started-at="2022-07-25T15:52:29 IST" name="afterMethod" finished-at="2022-07-25T15:52:29 IST" duration-ms="1" status="PASS">
          <reporter-output>
          </reporter-output>
        </test-method> <!-- afterMethod -->
        <test-method is-config="true" signature="tearDown()[pri:0, instance:Sample.MobileWishList@2f217633]" started-at="2022-07-25T15:52:29 IST" name="tearDown" finished-at="2022-07-25T15:52:30 IST" duration-ms="581" status="PASS">
          <reporter-output>
          </reporter-output>
        </test-method> <!-- tearDown -->
      </class> <!-- Sample.MobileWishList -->
    </test> <!-- Default test -->
  </suite> <!-- Default suite -->
</testng-results>
